2 displays
2 displays
1 display
2 displays
2 displays
2 displays
2 displays
2 displays
2 displays
2 displays
2 displays
2 displays
1 display
1 display
1 display
1 display
1 display
1 display
1 display
1 display
1 display
1 display
1 display
2 displays
2 displays
2 displays
2 displays
2 displays
1 display
2 displays
2 displays
1 display
2 displays
1 display
2 displays
1 display
1 display
2 displays
1 display
2 displays
2 displays
1 display
2 displays
1 display
1 display
1 display
1 display
2 displays
1 display
2 displays
1 display
2 displays
1 display
1 display
2 displays
2 displays
1 display
2 displays
2 displays
1 display
2 displays
1 display
2 displays
2 displays
1 display
1 display
2 displays
1 display
2 displays
1 display
1 display
1 display
1 display
2 displays
1 display
1 display
1 display
2 displays
2 displays
1 display
1 display
2 displays
1 display
1 display
1 display
2 displays
1 display
